# JRE version: Java(TM) SE Runtime Environment 18.9 (11.0.18+9) (build 11.0.18+9-LTS-195)
# Java VM: Java HotSpot(TM) 64-Bit Server VM 18.9 (11.0.18+9-LTS-195, mixed mode, tiered, compressed oops, g1 gc, windows-amd64)
Heap:
 garbage-first heap   total 262144K, used 30383K [0x0000000080000000, 0x0000000100000000)
  region size 1024K, 13 young (13312K), 1 survivors (1024K)
 Metaspace       used 23411K, capacity 23924K, committed 24188K, reserved 538624K
  class space    used 2957K, capacity 3140K, committed 3276K, reserved 516096K
GC Heap History (6 events):
Event: 10.820 GC heap before
{Heap before GC invocations=0 (full 0):
 garbage-first heap   total 262144K, used 27648K [0x0000000080000000, 0x0000000100000000)
  region size 1024K, 24 young (24576K), 0 survivors (0K)
 Metaspace       used 9555K, capacity 9772K, committed 9856K, reserved 526336K
  class space    used 982K, capacity 1068K, committed 1152K, reserved 516096K
}
Event: 11.302 GC heap after
{Heap after GC invocations=1 (full 0):
 garbage-first heap   total 262144K, used 10440K [0x0000000080000000, 0x0000000100000000)
  region size 1024K, 3 young (3072K), 3 survivors (3072K)
 Metaspace       used 9555K, capacity 9772K, committed 9856K, reserved 526336K
  class space    used 982K, capacity 1068K, committed 1152K, reserved 516096K
}
Event: 38.045 GC heap before
{Heap before GC invocations=1 (full 0):
 garbage-first heap   total 262144K, used 107720K [0x0000000080000000, 0x0000000100000000)
  region size 1024K, 98 young (100352K), 3 survivors (3072K)
 Metaspace       used 20775K, capacity 21235K, committed 21296K, reserved 536576K
  class space    used 2512K, capacity 2687K, committed 2688K, reserved 516096K
}
Event: 38.064 GC heap after
{Heap after GC invocations=2 (full 0):
 garbage-first heap   total 262144K, used 18080K [0x0000000080000000, 0x0000000100000000)
  region size 1024K, 11 young (11264K), 11 survivors (11264K)
 Metaspace       used 20775K, capacity 21235K, committed 21296K, reserved 536576K
  class space    used 2512K, capacity 2687K, committed 2688K, reserved 516096K
}
Event: 40.339 GC heap before
{Heap before GC invocations=3 (full 0):
 garbage-first heap   total 262144K, used 34464K [0x0000000080000000, 0x0000000100000000)
  region size 1024K, 27 young (27648K), 11 survivors (11264K)
 Metaspace       used 22578K, capacity 23215K, committed 23548K, reserved 536576K
  class space    used 2807K, capacity 3010K, committed 3148K, reserved 516096K
}
Event: 40.352 GC heap after
{Heap after GC invocations=4 (full 0):
 garbage-first heap   total 262144K, used 19119K [0x0000000080000000, 0x0000000100000000)
  region size 1024K, 1 young (1024K), 1 survivors (1024K)
 Metaspace       used 22578K, capacity 23215K, committed 23548K, reserved 536576K
  class space    used 2807K, capacity 3010K, committed 3148K, reserved 516096K
}

