# JRE version: Java(TM) SE Runtime Environment 18.9 (11.0.18+9) (build 11.0.18+9-LTS-195)
# Java VM: Java HotSpot(TM) 64-Bit Server VM 18.9 (11.0.18+9-LTS-195, mixed mode, tiered, compressed oops, g1 gc, windows-amd64)
Heap:
 garbage-first heap   total 262144K, used 78062K [0x0000000080000000, 0x0000000100000000)
  region size 1024K, 60 young (61440K), 1 survivors (1024K)
 Metaspace       used 27554K, capacity 28254K, committed 28464K, reserved 540672K
  class space    used 3614K, capacity 3910K, committed 3968K, reserved 516096K
GC Heap History (6 events):
Event: 8.682 GC heap before
{Heap before GC invocations=0 (full 0):
 garbage-first heap   total 262144K, used 27648K [0x0000000080000000, 0x0000000100000000)
  region size 1024K, 24 young (24576K), 0 survivors (0K)
 Metaspace       used 9628K, capacity 9839K, committed 10112K, reserved 526336K
  class space    used 993K, capacity 1069K, committed 1152K, reserved 516096K
}
Event: 8.728 GC heap after
{Heap after GC invocations=1 (full 0):
 garbage-first heap   total 262144K, used 10227K [0x0000000080000000, 0x0000000100000000)
  region size 1024K, 3 young (3072K), 3 survivors (3072K)
 Metaspace       used 9628K, capacity 9839K, committed 10112K, reserved 526336K
  class space    used 993K, capacity 1069K, committed 1152K, reserved 516096K
}
Event: 34.109 GC heap before
{Heap before GC invocations=1 (full 0):
 garbage-first heap   total 262144K, used 105459K [0x0000000080000000, 0x0000000100000000)
  region size 1024K, 97 young (99328K), 3 survivors (3072K)
 Metaspace       used 20773K, capacity 21238K, committed 21296K, reserved 536576K
  class space    used 2512K, capacity 2688K, committed 2688K, reserved 516096K
}
Event: 34.182 GC heap after
{Heap after GC invocations=2 (full 0):
 garbage-first heap   total 262144K, used 18163K [0x0000000080000000, 0x0000000100000000)
  region size 1024K, 11 young (11264K), 11 survivors (11264K)
 Metaspace       used 20773K, capacity 21238K, committed 21296K, reserved 536576K
  class space    used 2512K, capacity 2688K, committed 2688K, reserved 516096K
}
Event: 35.109 GC heap before
{Heap before GC invocations=3 (full 0):
 garbage-first heap   total 262144K, used 30451K [0x0000000080000000, 0x0000000100000000)
  region size 1024K, 23 young (23552K), 11 survivors (11264K)
 Metaspace       used 21832K, capacity 22196K, committed 22576K, reserved 536576K
  class space    used 2699K, capacity 2857K, committed 2944K, reserved 516096K
}
Event: 35.125 GC heap after
{Heap after GC invocations=4 (full 0):
 garbage-first heap   total 262144K, used 18670K [0x0000000080000000, 0x0000000100000000)
  region size 1024K, 1 young (1024K), 1 survivors (1024K)
 Metaspace       used 21832K, capacity 22196K, committed 22576K, reserved 536576K
  class space    used 2699K, capacity 2857K, committed 2944K, reserved 516096K
}

